[2024-03-09 17:06:05] flarum.ERROR: Symfony\Component\Console\Exception\CommandNotFoundException: Command "migration" is not defined.

Did you mean one of these?
    migrate
    migrate:reset in C:\xampp\htdocs\www.forum.producermeeting.com\vendor\symfony\console\Application.php:720
Stack trace:
#0 C:\xampp\htdocs\www.forum.producermeeting.com\vendor\symfony\console\Application.php(259): Symfony\Component\Console\Application->find('migration')
#1 C:\xampp\htdocs\www.forum.producermeeting.com\vendor\symfony\console\Application.php(171): Symfony\Component\Console\Application->doRun(Object(Symfony\Component\Console\Input\ArgvInput), Object(Symfony\Component\Console\Output\ConsoleOutput))
#2 C:\xampp\htdocs\www.forum.producermeeting.com\vendor\flarum\core\src\Console\Server.php(42): Symfony\Component\Console\Application->run()
#3 C:\xampp\htdocs\www.forum.producermeeting.com\flarum(24): Flarum\Console\Server->listen()
#4 {main}  
[2024-03-09 17:06:10] flarum.ERROR: Symfony\Component\Console\Exception\CommandNotFoundException: Command "migration" is not defined.

Did you mean one of these?
    migrate
    migrate:reset in C:\xampp\htdocs\www.forum.producermeeting.com\vendor\symfony\console\Application.php:720
Stack trace:
#0 C:\xampp\htdocs\www.forum.producermeeting.com\vendor\symfony\console\Application.php(259): Symfony\Component\Console\Application->find('migration')
#1 C:\xampp\htdocs\www.forum.producermeeting.com\vendor\symfony\console\Application.php(171): Symfony\Component\Console\Application->doRun(Object(Symfony\Component\Console\Input\ArgvInput), Object(Symfony\Component\Console\Output\ConsoleOutput))
#2 C:\xampp\htdocs\www.forum.producermeeting.com\vendor\flarum\core\src\Console\Server.php(42): Symfony\Component\Console\Application->run()
#3 C:\xampp\htdocs\www.forum.producermeeting.com\flarum(24): Flarum\Console\Server->listen()
#4 {main}  
